[2026-02-25 15:22:02] [INFO] Log file: /Users/ravikiranponduri/Desktop/ORBIT-CyberGraph/cloudFormationScripts-Bank-simulation/logs/deploy_machine_1_20260225_152202.log
[2026-02-25 15:22:05] [INFO] Machine 1 (NS-01): Pre-requirements (started)
[2026-02-25 15:22:05] [INFO] Creating stack njsecure-prod-pre-requirements

Waiting for changeset to be created..
Waiting for stack create/update to complete
Successfully created/updated stack - njsecure-prod-pre-requirements
[2026-02-25 15:25:23] [INFO] Stack njsecure-prod-pre-requirements CREATE_COMPLETE
[2026-02-25 15:25:24] [INFO] Machine 1 (NS-01): Pre-requirements (completed)
[2026-02-25 15:25:24] [INFO] Machine 1 (NS-01): Secrets (started)
[2026-02-25 15:25:24] [INFO] Creating stack njsecure-prod-secrets

Waiting for changeset to be created..
Waiting for stack create/update to complete
Successfully created/updated stack - njsecure-prod-secrets
[2026-02-25 15:26:05] [INFO] Stack njsecure-prod-secrets CREATE_COMPLETE
[2026-02-25 15:26:06] [INFO] Machine 1 (NS-01): Secrets (completed)
[2026-02-25 15:26:06] [INFO] Machine 1 (NS-01): EC2 ns-01 (started)
[2026-02-25 15:26:13] [INFO] Deploying njsecure-prod-ec2-ns-01 (linux)

Waiting for changeset to be created..
Waiting for stack create/update to complete
Successfully created/updated stack - njsecure-prod-ec2-ns-01
[2026-02-25 15:26:53] [INFO] EC2 create finished
[2026-02-25 15:26:55] [INFO] Machine 1 (NS-01): EC2 ns-01 (completed)
[2026-02-25 15:26:55] [INFO] Machine 1 deploy finished. Log: /Users/ravikiranponduri/Desktop/ORBIT-CyberGraph/cloudFormationScripts-Bank-simulation/logs/deploy_machine_1_20260225_152202.log
